2022-01-25 17:58:55,675 INFO Creating Class body
2022-01-25 18:00:19,353 INFO Body of the Class created
2022-01-25 18:00:49,587 INFO Started adding element
2022-01-25 18:00:49,587 ERROR Error occured: 'tuple' object has no attribute 'add'
Traceback (most recent call last):
  File "C:\Users\DEEPAK~1\AppData\Local\Temp/ipykernel_21080/2912317700.py", line 11, in add_set_func
    self.l.add(a)
AttributeError: 'tuple' object has no attribute 'add'
2022-01-25 18:00:49,588 ERROR Something went Wrong
2022-01-25 18:00:49,588 WARNING Fix the bug otherwise code will not work!!!!
2022-01-25 18:00:59,432 INFO Started adding element
2022-01-25 18:00:59,434 ERROR Error occured: 'tuple' object has no attribute 'add'
Traceback (most recent call last):
  File "C:\Users\DEEPAK~1\AppData\Local\Temp/ipykernel_21080/2912317700.py", line 11, in add_set_func
    self.l.add(a)
AttributeError: 'tuple' object has no attribute 'add'
2022-01-25 18:00:59,434 ERROR Something went Wrong
2022-01-25 18:00:59,434 WARNING Fix the bug otherwise code will not work!!!!
2022-01-25 18:01:19,084 INFO Started adding element
2022-01-25 18:01:19,085 ERROR Error occured: 'tuple' object has no attribute 'add'
Traceback (most recent call last):
  File "C:\Users\DEEPAK~1\AppData\Local\Temp/ipykernel_21080/2912317700.py", line 11, in add_set_func
    self.l.add(a)
AttributeError: 'tuple' object has no attribute 'add'
2022-01-25 18:01:19,085 ERROR Something went Wrong
2022-01-25 18:01:19,085 WARNING Fix the bug otherwise code will not work!!!!
2022-01-25 18:01:27,066 INFO Started adding element
2022-01-25 18:01:27,066 ERROR Error occured: 'tuple' object has no attribute 'add'
Traceback (most recent call last):
  File "C:\Users\DEEPAK~1\AppData\Local\Temp/ipykernel_21080/2912317700.py", line 11, in add_set_func
    self.l.add(a)
AttributeError: 'tuple' object has no attribute 'add'
2022-01-25 18:01:27,067 ERROR Something went Wrong
2022-01-25 18:01:27,068 WARNING Fix the bug otherwise code will not work!!!!
2022-01-25 18:01:34,088 INFO Body of the Class created
2022-01-25 18:01:34,537 INFO Started adding element
2022-01-25 18:01:34,538 ERROR Error occured: 'tuple' object has no attribute 'add'
Traceback (most recent call last):
  File "C:\Users\DEEPAK~1\AppData\Local\Temp/ipykernel_21080/2912317700.py", line 11, in add_set_func
    self.l.add(a)
AttributeError: 'tuple' object has no attribute 'add'
2022-01-25 18:01:34,538 ERROR Something went Wrong
2022-01-25 18:01:34,539 WARNING Fix the bug otherwise code will not work!!!!
2022-01-25 18:02:58,164 INFO Started adding element
2022-01-25 18:02:58,165 ERROR Error occured: 'tuple' object has no attribute 'add'
Traceback (most recent call last):
  File "C:\Users\DEEPAK~1\AppData\Local\Temp/ipykernel_21080/2912317700.py", line 11, in add_set_func
    self.l.add(a)
AttributeError: 'tuple' object has no attribute 'add'
2022-01-25 18:02:58,165 ERROR Something went Wrong
2022-01-25 18:02:58,166 WARNING Fix the bug otherwise code will not work!!!!
2022-01-25 18:03:44,452 INFO Creating Class body
2022-01-25 18:03:44,470 INFO Body of the Class created
2022-01-25 18:03:44,486 INFO Started adding element
2022-01-25 18:03:44,487 ERROR Error occured: 'tuple' object has no attribute 'add'
Traceback (most recent call last):
  File "C:\Users\DEEPAK~1\AppData\Local\Temp/ipykernel_20332/2987027795.py", line 11, in add_set_func
    self.l.add(a)
AttributeError: 'tuple' object has no attribute 'add'
2022-01-25 18:03:44,487 ERROR Something went Wrong
2022-01-25 18:03:44,487 WARNING Fix the bug otherwise code will not work!!!!
2022-01-25 18:04:57,512 INFO Body of the Class created
2022-01-25 18:04:57,898 INFO Started adding element
2022-01-25 18:04:57,899 INFO Successful
2022-01-25 18:05:25,051 INFO Started subtracting
2022-01-25 18:05:25,052 INFO Successful
2022-01-25 18:05:35,077 INFO Body of the Class created
2022-01-25 18:05:35,479 INFO Started subtracting
2022-01-25 18:05:35,479 INFO Successful
2022-01-25 18:09:59,590 INFO Creating Class body
2022-01-25 18:10:00,268 INFO Body of the Class created
2022-01-25 18:10:00,642 INFO Started subtracting
2022-01-25 18:10:00,643 INFO Successful
2022-01-25 18:10:49,087 INFO Body of the Class created
2022-01-25 18:10:49,542 INFO Started discarding
2022-01-25 18:10:49,543 INFO Successful
2022-01-25 18:11:39,003 INFO Body of the Class created
2022-01-25 18:11:39,344 INFO Started selecting
2022-01-25 18:11:39,345 INFO Successful
2022-01-25 18:12:44,962 INFO Creating Class body
2022-01-25 18:12:45,337 INFO Body of the Class created
2022-01-25 18:12:45,770 INFO Started selecting
2022-01-25 18:12:45,770 INFO Successful
2022-01-25 18:13:09,521 INFO Body of the Class created
2022-01-25 18:13:09,917 INFO Started matching
2022-01-25 18:13:09,918 ERROR Error occured: 'set' object has no attribute 'isdidjoint'
Traceback (most recent call last):
  File "C:\Users\DEEPAK~1\AppData\Local\Temp/ipykernel_20332/3995693621.py", line 76, in isdisjoint_set_func
    y = self.l.isdidjoint(a)
AttributeError: 'set' object has no attribute 'isdidjoint'
2022-01-25 18:13:09,918 ERROR Something went Wrong
2022-01-25 18:13:09,919 WARNING Fix the bug otherwise code will not work!!!!
2022-01-25 18:14:21,730 INFO Creating Class body
2022-01-25 18:14:22,177 INFO Body of the Class created
2022-01-25 18:14:23,177 INFO Started matching
2022-01-25 18:14:23,177 INFO Successful
2022-01-25 18:14:36,252 INFO Body of the Class created
2022-01-25 18:14:36,599 INFO Started matching
2022-01-25 18:14:36,600 INFO Successful
2022-01-25 18:14:53,666 INFO Body of the Class created
2022-01-25 18:14:54,075 INFO Started removing
2022-01-25 18:14:54,076 INFO Successful
2022-01-25 18:15:05,001 INFO Body of the Class created
2022-01-25 18:15:05,479 INFO Started removing
2022-01-25 18:15:05,479 INFO Successful
2022-01-25 18:15:11,343 INFO Body of the Class created
2022-01-25 18:15:11,694 INFO Started removing
2022-01-25 18:15:11,694 INFO Successful
2022-01-25 18:15:32,579 INFO Creating Class body
2022-01-25 18:15:33,168 INFO Body of the Class created
2022-01-25 18:15:33,532 INFO Started removing
2022-01-25 18:15:33,532 INFO Successful
2022-01-25 18:15:59,698 INFO Body of the Class created
2022-01-25 18:16:00,072 INFO Started adding the sets 
2022-01-25 18:16:00,073 INFO Successful
2022-01-25 18:16:26,549 INFO Body of the Class created
2022-01-25 18:16:26,900 INFO Started inserting
2022-01-25 18:16:26,901 INFO Successful
2022-01-25 18:16:39,257 INFO Creating Class body
2022-01-25 18:16:39,616 INFO Body of the Class created
2022-01-25 18:16:39,978 INFO Started inserting
2022-01-25 18:16:39,978 INFO Successful
2022-01-25 18:16:51,711 INFO Body of the Class created
2022-01-25 18:16:52,077 INFO Started inserting
2022-01-25 18:16:52,078 INFO Successful
